2017-11-26 11:09:39: Question asked: Question?
2017-11-26 11:09:39: StupidTalker answered: Sorry, I don't know. [0.500000]
2017-11-26 11:09:39: Answered: Sorry, I don't know.
2017-11-29 14:27:07: Question asked: cześć co u ciebie
2017-11-29 14:27:07: StupidTalker answered: Sorry, I don't know. [0.500000]
2017-11-29 14:27:07: Answered: Sorry, I don't know.
2017-12-13 11:14:43: Question asked: cześć
2017-12-13 11:14:43: StupidTalker answered: Sorry, I don't know. [0.500000]
2017-12-13 11:17:56: Question asked: cześć
2017-12-13 11:17:56: StupidTalker answered: Sorry, I don't know. [0.500000]
2017-12-13 11:34:34: Question asked: cześć
2017-12-13 11:34:34: StupidTalker answered: Sorry, I don't know. [0.500000]
2017-12-13 11:35:55: Question asked: cześć
2017-12-13 11:35:55: StupidTalker answered: Sorry, I don't know. [0.500000]
2017-12-13 11:35:56: VectorSumTalker answered:  No, to bierz prędko. Tylko nie wybieraj godzinę, jak to umiesz. [0.577191]
2017-12-13 11:35:56: Answered:  No, to bierz prędko. Tylko nie wybieraj godzinę, jak to umiesz.
2017-12-13 11:36:01: Question asked: jaka dzisiaj pogoda ?
2017-12-13 11:36:01: StupidTalker answered: Sorry, I don't know. [0.500000]
2017-12-13 11:39:21: Question asked: co u ciebie ?
2017-12-13 11:39:21: StupidTalker answered: Sorry, I don't know. [0.500000]
2017-12-13 11:39:22: VectorSumTalker answered: O tak, od dawna. [1.000000]
2017-12-13 11:39:22: Answered: O tak, od dawna.
2017-12-13 11:39:24: Question asked: co u ciebie?
2017-12-13 11:39:24: StupidTalker answered: Sorry, I don't know. [0.500000]
2017-12-13 11:39:25: VectorSumTalker answered: O tak, od dawna. [1.000000]
2017-12-13 11:39:25: Answered: O tak, od dawna.
2017-12-13 11:39:30: Question asked: jaka dziś pogoda?
2017-12-13 11:39:30: StupidTalker answered: Sorry, I don't know. [0.500000]
2017-12-13 11:39:30: VectorSumTalker answered: Wojna!! [0.871425]
2017-12-13 11:39:30: Answered: Wojna!!
2017-12-13 11:39:38: Question asked: jak się nazywasz?
2017-12-13 11:39:38: StupidTalker answered: Sorry, I don't know. [0.500000]
2017-12-13 11:39:38: VectorSumTalker answered:  To jest stado, które dzisiaj nie wie, gdzie się jutro tłoczyć będzie [0.885011]
2017-12-13 11:39:38: Answered:  To jest stado, które dzisiaj nie wie, gdzie się jutro tłoczyć będzie
